{"/Users/billel/AI/amplifyxa-uid2/src/hash.ts": {"path":"/Users/billel/AI/amplifyxa-uid2/src/hash.ts","statementMap":{"0":{"start":{"line":7,"column":0},"end":{"line":7,"column":16}},"1":{"start":{"line":1,"column":0},"end":{"line":1,"column":36}},"2":{"start":{"line":8,"column":2},"end":{"line":8,"column":48}},"3":{"start":{"line":8,"column":14},"end":{"line":8,"column":48}},"4":{"start":{"line":9,"column":21},"end":{"line":9,"column":47}},"5":{"start":{"line":10,"column":12},"end":{"line":10,"column":67}},"6":{"start":{"line":11,"column":2},"end":{"line":11,"column":33}}},"fnMap":{"0":{"name":"hash","decl":{"start":{"line":7,"column":16},"end":{"line":7,"column":20}},"loc":{"start":{"line":7,"column":48},"end":{"line":12,"column":1}}}},"branchMap":{"0":{"loc":{"start":{"line":8,"column":2},"end":{"line":8,"column":48}},"type":"if","locations":[{"start":{"line":8,"column":2},"end":{"line":8,"column":48}}]}},"s":{"0":1,"1":1,"2":4,"3":0,"4":4,"5":4,"6":4},"f":{"0":4},"b":{"0":[0]}}
}
